<?xml version="1.0" encoding="UTF-8"?>
<!-- Generated by org.testng.reporters.JUnitXMLReporter -->
<testsuite ignored="1" hostname="DESKTOP-34UUCH5" failures="0" tests="1" name="Default test" time="3.43" errors="0" timestamp="2024-06-04T15:54:49 PDT">
  <testcase classname="test.LoginTest" name="validateAlertMessages" time="3.382"/>
  <testcase classname="test.LoginTest" name="validUserShouldBeAbleToLogin" time="0.0">
    <ignored/>
  </testcase> <!-- validUserShouldBeAbleToLogin -->
</testsuite> <!-- Default test -->
