<?xml version="1.0" encoding="UTF-8"?>
<testng-results ignored="1" total="2" passed="1" failed="0" skipped="0">
  <reporter-output>
  </reporter-output>
  <suite started-at="2024-06-04T15:54:45 PDT" name="Default suite" finished-at="2024-06-04T15:54:49 PDT" duration-ms="3430">
    <groups>
    </groups>
    <test started-at="2024-06-04T15:54:45 PDT" name="Default test" finished-at="2024-06-04T15:54:49 PDT" duration-ms="3430">
      <class name="test.LoginTest">
        <test-method signature="validateAlertMessages()[pri:0, instance:test.LoginTest@793be5ca]" started-at="2024-06-04T15:54:45 PDT" name="validateAlertMessages" finished-at="2024-06-04T15:54:49 PDT" duration-ms="3382" status="PASS">
          <reporter-output>
          </reporter-output>
        </test-method> <!-- validateAlertMessages -->
      </class> <!-- test.LoginTest -->
    </test> <!-- Default test -->
  </suite> <!-- Default suite -->
</testng-results>
